# JRE version: OpenJDK Runtime Environment (8.0_242-b08) (build 1.8.0_242-8u242-b08-0ubuntu3~16.04-b08)
# Java VM: OpenJDK 64-Bit Server VM (25.242-b08 mixed mode linux-amd64 compressed oops)
Heap:
 PSYoungGen      total 172032K, used 0K [0x00000000f0600000, 0x00000000ffc00000, 0x0000000100000000)
  eden space 99328K, 0% used [0x00000000f0600000,0x00000000f0600000,0x00000000f6700000)
  from space 72704K, 0% used [0x00000000fb500000,0x00000000fb500000,0x00000000ffc00000)
  to   space 76288K, 0% used [0x00000000f6700000,0x00000000f6700000,0x00000000fb180000)
 ParOldGen       total 317952K, used 262469K [0x00000000d1200000, 0x00000000e4880000, 0x00000000f0600000)
  object space 317952K, 82% used [0x00000000d1200000,0x00000000e1251498,0x00000000e4880000)
 Metaspace       used 187641K, capacity 196400K, committed 196480K, reserved 1220608K
  class space    used 22353K, capacity 24416K, committed 24448K, reserved 1048576K
GC Heap History (10 events):
Event: 232.582 GC heap after
Heap after GC invocations=152 (full 8):
 PSYoungGen      total 181760K, used 54624K [0x00000000f0600000, 0x0000000100000000, 0x0000000100000000)
  eden space 122880K, 0% used [0x00000000f0600000,0x00000000f0600000,0x00000000f7e00000)
  from space 58880K, 92% used [0x00000000fc300000,0x00000000ff858070,0x00000000ffc80000)
  to   space 66560K, 0% used [0x00000000f7e00000,0x00000000f7e00000,0x00000000fbf00000)
 ParOldGen       total 317952K, used 236519K [0x00000000d1200000, 0x00000000e4880000, 0x00000000f0600000)
  object space 317952K, 74% used [0x00000000d1200000,0x00000000df8f9e98,0x00000000e4880000)
 Metaspace       used 187583K, capacity 196298K, committed 196480K, reserved 1220608K
  class space    used 22357K, capacity 24422K, committed 24448K, reserved 1048576K
}
Event: 232.874 GC heap before
{Heap before GC invocations=153 (full 8):
 PSYoungGen      total 181760K, used 177504K [0x00000000f0600000, 0x0000000100000000, 0x0000000100000000)
  eden space 122880K, 100% used [0x00000000f0600000,0x00000000f7e00000,0x00000000f7e00000)
  from space 58880K, 92% used [0x00000000fc300000,0x00000000ff858070,0x00000000ffc80000)
  to   space 66560K, 0% used [0x00000000f7e00000,0x00000000f7e00000,0x00000000fbf00000)
 ParOldGen       total 317952K, used 236519K [0x00000000d1200000, 0x00000000e4880000, 0x00000000f0600000)
  object space 317952K, 74% used [0x00000000d1200000,0x00000000df8f9e98,0x00000000e4880000)
 Metaspace       used 187612K, capacity 196362K, committed 196480K, reserved 1220608K
  class space    used 22357K, capacity 24422K, committed 24448K, reserved 1048576K
Event: 232.939 GC heap after
Heap after GC invocations=153 (full 8):
 PSYoungGen      total 182784K, used 59839K [0x00000000f0600000, 0x0000000100000000, 0x0000000100000000)
  eden space 122880K, 0% used [0x00000000f0600000,0x00000000f0600000,0x00000000f7e00000)
  from space 59904K, 99% used [0x00000000f7e00000,0x00000000fb86feb0,0x00000000fb880000)
  to   space 73216K, 0% used [0x00000000fb880000,0x00000000fb880000,0x0000000100000000)
 ParOldGen       total 317952K, used 239558K [0x00000000d1200000, 0x00000000e4880000, 0x00000000f0600000)
  object space 317952K, 75% used [0x00000000d1200000,0x00000000dfbf19a0,0x00000000e4880000)
 Metaspace       used 187612K, capacity 196362K, committed 196480K, reserved 1220608K
  class space    used 22357K, capacity 24422K, committed 24448K, reserved 1048576K
}
Event: 233.192 GC heap before
{Heap before GC invocations=154 (full 8):
 PSYoungGen      total 182784K, used 182719K [0x00000000f0600000, 0x0000000100000000, 0x0000000100000000)
  eden space 122880K, 100% used [0x00000000f0600000,0x00000000f7e00000,0x00000000f7e00000)
  from space 59904K, 99% used [0x00000000f7e00000,0x00000000fb86feb0,0x00000000fb880000)
  to   space 73216K, 0% used [0x00000000fb880000,0x00000000fb880000,0x0000000100000000)
 ParOldGen       total 317952K, used 239558K [0x00000000d1200000, 0x00000000e4880000, 0x00000000f0600000)
  object space 317952K, 75% used [0x00000000d1200000,0x00000000dfbf19a0,0x00000000e4880000)
 Metaspace       used 187626K, capacity 196362K, committed 196480K, reserved 1220608K
  class space    used 22357K, capacity 24422K, committed 24448K, reserved 1048576K
Event: 233.270 GC heap after
Heap after GC invocations=154 (full 8):
 PSYoungGen      total 169472K, used 55424K [0x00000000f0600000, 0x0000000100000000, 0x0000000100000000)
  eden space 96256K, 0% used [0x00000000f0600000,0x00000000f0600000,0x00000000f6400000)
  from space 73216K, 75% used [0x00000000fb880000,0x00000000feea00a0,0x0000000100000000)
  to   space 79872K, 0% used [0x00000000f6400000,0x00000000f6400000,0x00000000fb200000)
 ParOldGen       total 317952K, used 251861K [0x00000000d1200000, 0x00000000e4880000, 0x00000000f0600000)
  object space 317952K, 79% used [0x00000000d1200000,0x00000000e07f5610,0x00000000e4880000)
 Metaspace       used 187626K, capacity 196362K, committed 196480K, reserved 1220608K
  class space    used 22357K, capacity 24422K, committed 24448K, reserved 1048576K
}
Event: 233.483 GC heap before
{Heap before GC invocations=155 (full 8):
 PSYoungGen      total 169472K, used 151680K [0x00000000f0600000, 0x0000000100000000, 0x0000000100000000)
  eden space 96256K, 100% used [0x00000000f0600000,0x00000000f6400000,0x00000000f6400000)
  from space 73216K, 75% used [0x00000000fb880000,0x00000000feea00a0,0x0000000100000000)
  to   space 79872K, 0% used [0x00000000f6400000,0x00000000f6400000,0x00000000fb200000)
 ParOldGen       total 317952K, used 251861K [0x00000000d1200000, 0x00000000e4880000, 0x00000000f0600000)
  object space 317952K, 79% used [0x00000000d1200000,0x00000000e07f5610,0x00000000e4880000)
 Metaspace       used 187644K, capacity 196370K, committed 196480K, reserved 1220608K
  class space    used 22357K, capacity 24422K, committed 24448K, reserved 1048576K
Event: 233.586 GC heap after
Heap after GC invocations=155 (full 8):
 PSYoungGen      total 176128K, used 22400K [0x00000000f0600000, 0x0000000100000000, 0x0000000100000000)
  eden space 96256K, 0% used [0x00000000f0600000,0x00000000f0600000,0x00000000f6400000)
  from space 79872K, 28% used [0x00000000f6400000,0x00000000f79e0000,0x00000000fb200000)
  to   space 76800K, 0% used [0x00000000fb500000,0x00000000fb500000,0x0000000100000000)
 ParOldGen       total 317952K, used 290961K [0x00000000d1200000, 0x00000000e4880000, 0x00000000f0600000)
  object space 317952K, 91% used [0x00000000d1200000,0x00000000e2e24750,0x00000000e4880000)
 Metaspace       used 187644K, capacity 196370K, committed 196480K, reserved 1220608K
  class space    used 22357K, capacity 24422K, committed 24448K, reserved 1048576K
}
Event: 233.851 GC heap before
{Heap before GC invocations=156 (full 8):
 PSYoungGen      total 176128K, used 118515K [0x00000000f0600000, 0x0000000100000000, 0x0000000100000000)
  eden space 96256K, 99% used [0x00000000f0600000,0x00000000f63dccc0,0x00000000f6400000)
  from space 79872K, 28% used [0x00000000f6400000,0x00000000f79e0000,0x00000000fb200000)
  to   space 76800K, 0% used [0x00000000fb500000,0x00000000fb500000,0x0000000100000000)
 ParOldGen       total 317952K, used 290961K [0x00000000d1200000, 0x00000000e4880000, 0x00000000f0600000)
  object space 317952K, 91% used [0x00000000d1200000,0x00000000e2e24750,0x00000000e4880000)
 Metaspace       used 187671K, capacity 196434K, committed 196480K, reserved 1220608K
  class space    used 22357K, capacity 24422K, committed 24448K, reserved 1048576K
Event: 233.910 GC heap after
Heap after GC invocations=156 (full 8):
 PSYoungGen      total 172032K, used 9607K [0x00000000f0600000, 0x00000000ffc00000, 0x0000000100000000)
  eden space 99328K, 0% used [0x00000000f0600000,0x00000000f0600000,0x00000000f6700000)
  from space 72704K, 13% used [0x00000000fb500000,0x00000000fbe61e30,0x00000000ffc00000)
  to   space 76288K, 0% used [0x00000000f6700000,0x00000000f6700000,0x00000000fb180000)
 ParOldGen       total 317952K, used 307457K [0x00000000d1200000, 0x00000000e4880000, 0x00000000f0600000)
  object space 317952K, 96% used [0x00000000d1200000,0x00000000e3e40750,0x00000000e4880000)
 Metaspace       used 187671K, capacity 196434K, committed 196480K, reserved 1220608K
  class space    used 22357K, capacity 24422K, committed 24448K, reserved 1048576K
}
Event: 233.910 GC heap before
{Heap before GC invocations=157 (full 9):
 PSYoungGen      total 172032K, used 9607K [0x00000000f0600000, 0x00000000ffc00000, 0x0000000100000000)
  eden space 99328K, 0% used [0x00000000f0600000,0x00000000f0600000,0x00000000f6700000)
  from space 72704K, 13% used [0x00000000fb500000,0x00000000fbe61e30,0x00000000ffc00000)
  to   space 76288K, 0% used [0x00000000f6700000,0x00000000f6700000,0x00000000fb180000)
 ParOldGen       total 317952K, used 307457K [0x00000000d1200000, 0x00000000e4880000, 0x00000000f0600000)
  object space 317952K, 96% used [0x00000000d1200000,0x00000000e3e40750,0x00000000e4880000)
 Metaspace       used 187671K, capacity 196434K, committed 196480K, reserved 1220608K
  class space    used 22357K, capacity 24422K, committed 24448K, reserved 1048576K

