# JRE version: OpenJDK Runtime Environment (8.0_242-b08) (build 1.8.0_242-8u242-b08-0ubuntu3~16.04-b08)
# Java VM: OpenJDK 64-Bit Server VM (25.242-b08 mixed mode linux-amd64 compressed oops)
Heap:
 PSYoungGen      total 168960K, used 11232K [0x00000000eab00000, 0x00000000f6180000, 0x0000000100000000)
  eden space 153088K, 0% used [0x00000000eab00000,0x00000000eab00000,0x00000000f4080000)
  from space 15872K, 70% used [0x00000000f4080000,0x00000000f4b78000,0x00000000f5000000)
  to   space 13824K, 0% used [0x00000000f5000000,0x00000000f5000000,0x00000000f5d80000)
 ParOldGen       total 36352K, used 35372K [0x00000000c0000000, 0x00000000c2380000, 0x00000000eab00000)
  object space 36352K, 97% used [0x00000000c0000000,0x00000000c228b248,0x00000000c2380000)
 Metaspace       used 19296K, capacity 19700K, committed 20096K, reserved 1067008K
  class space    used 2209K, capacity 2319K, committed 2432K, reserved 1048576K
GC Heap History (10 events):
Event: 1.503 GC heap after
Heap after GC invocations=6 (full 0):
 PSYoungGen      total 54784K, used 3248K [0x00000000eab00000, 0x00000000ee600000, 0x0000000100000000)
  eden space 49152K, 0% used [0x00000000eab00000,0x00000000eab00000,0x00000000edb00000)
  from space 5632K, 57% used [0x00000000ee080000,0x00000000ee3ac010,0x00000000ee600000)
  to   space 5632K, 0% used [0x00000000edb00000,0x00000000edb00000,0x00000000ee080000)
 ParOldGen       total 32768K, used 7374K [0x00000000c0000000, 0x00000000c2000000, 0x00000000eab00000)
  object space 32768K, 22% used [0x00000000c0000000,0x00000000c0733af8,0x00000000c2000000)
 Metaspace       used 14367K, capacity 14564K, committed 14976K, reserved 1062912K
  class space    used 1734K, capacity 1838K, committed 1920K, reserved 1048576K
}
Event: 2.088 GC heap before
{Heap before GC invocations=7 (full 0):
 PSYoungGen      total 54784K, used 52400K [0x00000000eab00000, 0x00000000ee600000, 0x0000000100000000)
  eden space 49152K, 100% used [0x00000000eab00000,0x00000000edb00000,0x00000000edb00000)
  from space 5632K, 57% used [0x00000000ee080000,0x00000000ee3ac010,0x00000000ee600000)
  to   space 5632K, 0% used [0x00000000edb00000,0x00000000edb00000,0x00000000ee080000)
 ParOldGen       total 32768K, used 7374K [0x00000000c0000000, 0x00000000c2000000, 0x00000000eab00000)
  object space 32768K, 22% used [0x00000000c0000000,0x00000000c0733af8,0x00000000c2000000)
 Metaspace       used 16192K, capacity 16436K, committed 16640K, reserved 1064960K
  class space    used 1901K, capacity 2005K, committed 2048K, reserved 1048576K
Event: 2.111 GC heap after
Heap after GC invocations=7 (full 0):
 PSYoungGen      total 54784K, used 5600K [0x00000000eab00000, 0x00000000f1900000, 0x0000000100000000)
  eden space 49152K, 0% used [0x00000000eab00000,0x00000000eab00000,0x00000000edb00000)
  from space 5632K, 99% used [0x00000000edb00000,0x00000000ee078020,0x00000000ee080000)
  to   space 7168K, 0% used [0x00000000f1200000,0x00000000f1200000,0x00000000f1900000)
 ParOldGen       total 32768K, used 9022K [0x00000000c0000000, 0x00000000c2000000, 0x00000000eab00000)
  object space 32768K, 27% used [0x00000000c0000000,0x00000000c08cf8e0,0x00000000c2000000)
 Metaspace       used 16192K, capacity 16436K, committed 16640K, reserved 1064960K
  class space    used 1901K, capacity 2005K, committed 2048K, reserved 1048576K
}
Event: 2.563 GC heap before
{Heap before GC invocations=8 (full 0):
 PSYoungGen      total 54784K, used 54752K [0x00000000eab00000, 0x00000000f1900000, 0x0000000100000000)
  eden space 49152K, 100% used [0x00000000eab00000,0x00000000edb00000,0x00000000edb00000)
  from space 5632K, 99% used [0x00000000edb00000,0x00000000ee078020,0x00000000ee080000)
  to   space 7168K, 0% used [0x00000000f1200000,0x00000000f1200000,0x00000000f1900000)
 ParOldGen       total 32768K, used 9022K [0x00000000c0000000, 0x00000000c2000000, 0x00000000eab00000)
  object space 32768K, 27% used [0x00000000c0000000,0x00000000c08cf8e0,0x00000000c2000000)
 Metaspace       used 16577K, capacity 16884K, committed 17152K, reserved 1064960K
  class space    used 1901K, capacity 2005K, committed 2048K, reserved 1048576K
Event: 2.578 GC heap after
Heap after GC invocations=8 (full 0):
 PSYoungGen      total 103936K, used 7152K [0x00000000eab00000, 0x00000000f1c00000, 0x0000000100000000)
  eden space 96768K, 0% used [0x00000000eab00000,0x00000000eab00000,0x00000000f0980000)
  from space 7168K, 99% used [0x00000000f1200000,0x00000000f18fc010,0x00000000f1900000)
  to   space 8704K, 0% used [0x00000000f0980000,0x00000000f0980000,0x00000000f1200000)
 ParOldGen       total 32768K, used 10122K [0x00000000c0000000, 0x00000000c2000000, 0x00000000eab00000)
  object space 32768K, 30% used [0x00000000c0000000,0x00000000c09e2a80,0x00000000c2000000)
 Metaspace       used 16577K, capacity 16884K, committed 17152K, reserved 1064960K
  class space    used 1901K, capacity 2005K, committed 2048K, reserved 1048576K
}
Event: 3.617 GC heap before
{Heap before GC invocations=9 (full 0):
 PSYoungGen      total 103936K, used 103920K [0x00000000eab00000, 0x00000000f1c00000, 0x0000000100000000)
  eden space 96768K, 100% used [0x00000000eab00000,0x00000000f0980000,0x00000000f0980000)
  from space 7168K, 99% used [0x00000000f1200000,0x00000000f18fc010,0x00000000f1900000)
  to   space 8704K, 0% used [0x00000000f0980000,0x00000000f0980000,0x00000000f1200000)
 ParOldGen       total 32768K, used 10122K [0x00000000c0000000, 0x00000000c2000000, 0x00000000eab00000)
  object space 32768K, 30% used [0x00000000c0000000,0x00000000c09e2a80,0x00000000c2000000)
 Metaspace       used 19065K, capacity 19420K, committed 19840K, reserved 1067008K
  class space    used 2206K, capacity 2315K, committed 2432K, reserved 1048576K
Event: 3.639 GC heap after
Heap after GC invocations=9 (full 0):
 PSYoungGen      total 105472K, used 8704K [0x00000000eab00000, 0x00000000f5d80000, 0x0000000100000000)
  eden space 96768K, 0% used [0x00000000eab00000,0x00000000eab00000,0x00000000f0980000)
  from space 8704K, 100% used [0x00000000f0980000,0x00000000f1200000,0x00000000f1200000)
  to   space 13824K, 0% used [0x00000000f5000000,0x00000000f5000000,0x00000000f5d80000)
 ParOldGen       total 32768K, used 20093K [0x00000000c0000000, 0x00000000c2000000, 0x00000000eab00000)
  object space 32768K, 61% used [0x00000000c0000000,0x00000000c139f680,0x00000000c2000000)
 Metaspace       used 19065K, capacity 19420K, committed 19840K, reserved 1067008K
  class space    used 2206K, capacity 2315K, committed 2432K, reserved 1048576K
}
Event: 3.948 GC heap before
{Heap before GC invocations=10 (full 0):
 PSYoungGen      total 105472K, used 105472K [0x00000000eab00000, 0x00000000f5d80000, 0x0000000100000000)
  eden space 96768K, 100% used [0x00000000eab00000,0x00000000f0980000,0x00000000f0980000)
  from space 8704K, 100% used [0x00000000f0980000,0x00000000f1200000,0x00000000f1200000)
  to   space 13824K, 0% used [0x00000000f5000000,0x00000000f5000000,0x00000000f5d80000)
 ParOldGen       total 32768K, used 20093K [0x00000000c0000000, 0x00000000c2000000, 0x00000000eab00000)
  object space 32768K, 61% used [0x00000000c0000000,0x00000000c139f680,0x00000000c2000000)
 Metaspace       used 19203K, capacity 19630K, committed 19840K, reserved 1067008K
  class space    used 2208K, capacity 2318K, committed 2432K, reserved 1048576K
Event: 4.070 GC heap after
Heap after GC invocations=10 (full 0):
 PSYoungGen      total 166912K, used 12896K [0x00000000eab00000, 0x00000000f6180000, 0x0000000100000000)
  eden space 153088K, 0% used [0x00000000eab00000,0x00000000eab00000,0x00000000f4080000)
  from space 13824K, 93% used [0x00000000f5000000,0x00000000f5c98000,0x00000000f5d80000)
  to   space 15872K, 0% used [0x00000000f4080000,0x00000000f4080000,0x00000000f5000000)
 ParOldGen       total 32768K, used 22613K [0x00000000c0000000, 0x00000000c2000000, 0x00000000eab00000)
  object space 32768K, 69% used [0x00000000c0000000,0x00000000c1615518,0x00000000c2000000)
 Metaspace       used 19203K, capacity 19630K, committed 19840K, reserved 1067008K
  class space    used 2208K, capacity 2318K, committed 2432K, reserved 1048576K
}
Event: 5.099 GC heap before
{Heap before GC invocations=11 (full 0):
 PSYoungGen      total 166912K, used 165984K [0x00000000eab00000, 0x00000000f6180000, 0x0000000100000000)
  eden space 153088K, 100% used [0x00000000eab00000,0x00000000f4080000,0x00000000f4080000)
  from space 13824K, 93% used [0x00000000f5000000,0x00000000f5c98000,0x00000000f5d80000)
  to   space 15872K, 0% used [0x00000000f4080000,0x00000000f4080000,0x00000000f5000000)
 ParOldGen       total 32768K, used 22613K [0x00000000c0000000, 0x00000000c2000000, 0x00000000eab00000)
  object space 32768K, 69% used [0x00000000c0000000,0x00000000c1615518,0x00000000c2000000)
 Metaspace       used 19296K, capacity 19700K, committed 20096K, reserved 1067008K
  class space    used 2209K, capacity 2319K, committed 2432K, reserved 1048576K

